<?xml version="1.0" encoding="UTF-8"?>
<!-- Generated by org.testng.reporters.JUnitReportReporter -->
<testsuite hostname="DESKTOP-PPOTTOP" failures="0" tests="4" name="tests.LoginTest" time="5.678" errors="0" timestamp="2025-04-05T00:08:30 IST" skipped="0">
  <testcase classname="tests.LoginTest" name="verifyUrlPage" time="0.032"/>
  <testcase classname="tests.LoginTest" name="verifyLoginPageIsDisplayed" time="0.757"/>
  <testcase classname="tests.LoginTest" name="loginWithInvalidCredential" time="2.692"/>
  <testcase classname="tests.LoginTest" name="loginTestWithValidCredential" time="2.197"/>
</testsuite> <!-- tests.LoginTest -->
