<?xml version="1.0" encoding="UTF-8"?>
<!-- Generated by org.testng.reporters.JUnitReportReporter -->
<testsuite hostname="DESKTOP-PPOTTOP" failures="0" tests="3" name="orangeHRMDemo.OrangeHRMTests" time="24.052" errors="0" timestamp="2025-03-29T17:59:49 IST" skipped="0">
  <testcase classname="orangeHRMDemo.OrangeHRMTests" name="loginWithInvalidCredential" time="3.019"/>
  <testcase classname="orangeHRMDemo.OrangeHRMTests" name="loginTestWithValidCredential" time="6.158"/>
  <testcase classname="orangeHRMDemo.OrangeHRMTests" name="addEmployee" time="14.875"/>
</testsuite> <!-- orangeHRMDemo.OrangeHRMTests -->
