<?xml version="1.0" encoding="UTF-8"?>
<!-- Generated by org.testng.reporters.JUnitReportReporter -->
<testsuite hostname="DESKTOP-PPOTTOP" failures="0" tests="6" name="orangeHRMDemo.OrangeHRMTests" time="57.013" errors="0" timestamp="2025-04-01T00:30:09 IST" skipped="0">
  <testcase classname="orangeHRMDemo.OrangeHRMTests" name="loginWithInvalidCredential" time="3.511"/>
  <testcase classname="orangeHRMDemo.OrangeHRMTests" name="loginTestWithValidCredential" time="5.041"/>
  <testcase classname="orangeHRMDemo.OrangeHRMTests" name="addEmployee" time="14.706"/>
  <testcase classname="orangeHRMDemo.OrangeHRMTests" name="searchEmployeeNyName" time="9.044"/>
  <testcase classname="orangeHRMDemo.OrangeHRMTests" name="searchEmployeeById" time="8.315"/>
  <testcase classname="orangeHRMDemo.OrangeHRMTests" name="fileUpload" time="16.396"/>
</testsuite> <!-- orangeHRMDemo.OrangeHRMTests -->
