<?xml version="1.0" encoding="UTF-8"?>
<!-- Generated by org.testng.reporters.JUnitReportReporter -->
<testsuite hostname="DESKTOP-PPOTTOP" failures="0" tests="3" name="tests.PimTest" time="13.181" errors="0" timestamp="2025-04-05T00:08:30 IST" skipped="0">
  <testcase classname="tests.PimTest" name="verifyPimPageTitle" time="5.170"/>
  <testcase classname="tests.PimTest" name="verifyIdCheckBoxIsSelected" time="0.582"/>
  <testcase classname="tests.PimTest" name="verifyAddEmployee" time="7.429"/>
</testsuite> <!-- tests.PimTest -->
