<?xml version="1.0" encoding="UTF-8"?>
<!-- Generated by org.testng.reporters.JUnitReportReporter -->
<testsuite hostname="DESKTOP-PPOTTOP" failures="0" tests="9" name="orangeHRMDemo.OrangeHRMTests" time="89.548" errors="0" timestamp="2025-04-05T00:08:29 IST" skipped="1">
  <testcase classname="orangeHRMDemo.OrangeHRMTests" name="loginWithInvalidCredential" time="2.816"/>
  <testcase classname="orangeHRMDemo.OrangeHRMTests" name="loginTestWithValidCredential" time="7.398"/>
  <testcase classname="orangeHRMDemo.OrangeHRMTests" name="addEmployee" time="21.986"/>
  <testcase classname="orangeHRMDemo.OrangeHRMTests" name="searchEmployeeNyName" time="9.272"/>
  <testcase classname="orangeHRMDemo.OrangeHRMTests" name="searchEmployeeById" time="8.234"/>
  <testcase classname="orangeHRMDemo.OrangeHRMTests" name="fileUpload" time="16.255"/>
  <testcase classname="orangeHRMDemo.OrangeHRMTests" name="deleteEmployee" time="11.031"/>
  <testcase classname="orangeHRMDemo.OrangeHRMTests" name="ListOfEmployeesPrint" time="12.556"/>
  <testcase classname="orangeHRMDemo.OrangeHRMTests" name="applyLeave">
    <skipped/>
  </testcase> <!-- applyLeave -->
</testsuite> <!-- orangeHRMDemo.OrangeHRMTests -->
