<?xml version="1.0" encoding="UTF-8"?>
<!-- Generated by org.testng.reporters.JUnitReportReporter -->
<testsuite hostname="DESKTOP-PPOTTOP" failures="0" tests="9" name="orangeHRMDemo.OrangeHRMTests" time="87.955" errors="0" timestamp="2025-04-04T14:15:37 IST" skipped="1">
  <testcase classname="orangeHRMDemo.OrangeHRMTests" name="loginWithInvalidCredential" time="3.081"/>
  <testcase classname="orangeHRMDemo.OrangeHRMTests" name="loginTestWithValidCredential" time="5.380"/>
  <testcase classname="orangeHRMDemo.OrangeHRMTests" name="addEmployee" time="20.987"/>
  <testcase classname="orangeHRMDemo.OrangeHRMTests" name="searchEmployeeNyName" time="8.941"/>
  <testcase classname="orangeHRMDemo.OrangeHRMTests" name="searchEmployeeById" time="8.326"/>
  <testcase classname="orangeHRMDemo.OrangeHRMTests" name="fileUpload" time="16.837"/>
  <testcase classname="orangeHRMDemo.OrangeHRMTests" name="deleteEmployee" time="11.161"/>
  <testcase classname="orangeHRMDemo.OrangeHRMTests" name="ListOfEmployeesPrint" time="13.242"/>
  <testcase classname="orangeHRMDemo.OrangeHRMTests" name="applyLeave">
    <skipped/>
  </testcase> <!-- applyLeave -->
</testsuite> <!-- orangeHRMDemo.OrangeHRMTests -->
