<?xml version="1.0" encoding="UTF-8"?>
<!-- Generated by org.testng.reporters.JUnitReportReporter -->
<testsuite hostname="DESKTOP-PPOTTOP" failures="0" tests="3" name="logintest.OrangeHRM" time="5.132" errors="0" timestamp="2025-03-16T21:22:34 IST" skipped="0">
  <testcase classname="logintest.OrangeHRM" name="addEmployee" time="0.007"/>
  <testcase classname="logintest.OrangeHRM" name="loginWithInvalidCredential" time="3.279"/>
  <testcase classname="logintest.OrangeHRM" name="loginTestWithValidCredential" time="1.846"/>
</testsuite> <!-- logintest.OrangeHRM -->
