<?xml version="1.0" encoding="UTF-8"?>
<!-- Generated by org.testng.reporters.JUnitReportReporter -->
<testsuite hostname="DESKTOP-PPOTTOP" failures="0" tests="3" name="orangeHRMDemo.OrangeHRMTests" time="4.899" errors="0" timestamp="2025-03-18T01:02:59 IST" skipped="1">
  <testcase classname="orangeHRMDemo.OrangeHRMTests" name="loginWithInvalidCredential" time="3.020"/>
  <testcase classname="orangeHRMDemo.OrangeHRMTests" name="loginTestWithValidCredential" time="1.879"/>
  <testcase classname="orangeHRMDemo.OrangeHRMTests" name="addEmployee">
    <skipped/>
  </testcase> <!-- addEmployee -->
</testsuite> <!-- orangeHRMDemo.OrangeHRMTests -->
